Build started 9/26/2016 3:04:12 PM.
     1>Project "C:\Users\Ethan\Desktop\Fall2016\CS_455\project3\GL\GL\GL.vcxproj" on node 2 (Build target(s)).
     1>ClCompile:
         C:\Program Files (x86)\Microsoft Visual Studio 14.0\VC\bin\CL.exe /c /IC:\Users\Ethan\Desktop\Fall2016\CS_455\project3\GL\packages\nupengl.core.0.1.0.1\build\native\../..//build/native/include/ /I"C:\Users\Ethan\Desktop\Fall2016\cs455\project2_4\Simple OpenGL Image Library\src" /IC:\Users\Ethan\Desktop\Fall2016\cs455\project2_4\glm /I"C:\Users\Ethan\Desktop\Fall2016\cs455\project2_4\Glew and Glut" /I"C:\Users\Ethan\Desktop\Fall2016\cs455\project2_4\Glew and Glut\glew-1.11.0\include" /I"C:\Users\Ethan\Desktop\Fall2016\cs455\project2_4\Glew and Glut\freeglut\include" /ZI /nologo /W3 /WX- /sdl /Od /Oy- /D _CRT_SECURE_NO_DEPRECATE /Gm /EHsc /RTC1 /MDd /GS /fp:precise /Zc:wchar_t /Zc:forScope /Zc:inline /Yu"stdafx.h" /Fp"Debug\GL.pch" /Fo"Debug\\" /Fd"Debug\vc140.pdb" /Gd /TP /analyze- /errorReport:prompt GL.cpp
         GL.cpp
     1>c:\users\ethan\desktop\fall2016\cs_455\project3\gl\gl\gl.cpp(26): warning C4305: 'initializing': truncation from 'double' to 'float'
       Link:
         C:\Program Files (x86)\Microsoft Visual Studio 14.0\VC\bin\link.exe /ERRORREPORT:PROMPT /OUT:"C:\Users\Ethan\Desktop\Fall2016\CS_455\project3\GL\Debug\GL.exe" /INCREMENTAL /NOLOGO /LIBPATH:"C:\Users\Ethan\Desktop\Fall2016\cs455\project2_4\Simple OpenGL Image Library\lib" /LIBPATH:C:\Users\Ethan\Desktop\Fall2016\cs455\project2_4\glm /LIBPATH:"C:\Users\Ethan\Desktop\Fall2016\cs455\project2_4\Glew and Glut\glew-1.11.0\lib" /LIBPATH:"C:\Users\Ethan\Desktop\Fall2016\cs455\project2_4\Glew and Glut\freeglut\lib" C:\Users\Ethan\Desktop\Fall2016\CS_455\project3\GL\packages\nupengl.core.0.1.0.1\build\native\../..//build/native/lib/Win32\glew32.lib C:\Users\Ethan\Desktop\Fall2016\CS_455\project3\GL\packages\nupengl.core.0.1.0.1\build\native\../..//build/native/lib/Win32\glfw3dll.lib C:\Users\Ethan\Desktop\Fall2016\CS_455\project3\GL\packages\nupengl.core.0.1.0.1\build\native\../..//build/native/lib/Win32\freeglut.lib opengl32.lib glu32.lib freeglut.lib glew32.lib kernel32.lib user32.lib gdi32.lib winspool.lib comdlg32.lib advapi32.lib shell32.lib ole32.lib oleaut32.lib uuid.lib odbc32.lib odbccp32.lib kernel32.lib user32.lib gdi32.lib winspool.lib comdlg32.lib advapi32.lib shell32.lib ole32.lib oleaut32.lib uuid.lib odbc32.lib odbccp32.lib /MANIFEST /MANIFESTUAC:"level='asInvoker' uiAccess='false'" /manifest:embed /Debug /PDB:"C:\Users\Ethan\Desktop\Fall2016\CS_455\project3\GL\Debug\GL.pdb" /SUBSYSTEM:CONSOLE /TLBID:1 /DYNAMICBASE /NXCOMPAT /IMPLIB:"C:\Users\Ethan\Desktop\Fall2016\CS_455\project3\GL\Debug\GL.lib" /MACHINE:X86 Debug\camera.obj
         Debug\Car.obj
         Debug\face.obj
         Debug\GL.obj
         Debug\GraphicObject.obj
         Debug\graphics_pipeline.obj
         Debug\math_ext.obj
         Debug\matrix4.obj
         Debug\ObjectFactory.obj
         Debug\ObjectParser.obj
         Debug\ParkingLot.obj
         Debug\stdafx.obj
         Debug\Wheel.obj
         GL.vcxproj -> C:\Users\Ethan\Desktop\Fall2016\CS_455\project3\GL\Debug\GL.exe
     1>Done Building Project "C:\Users\Ethan\Desktop\Fall2016\CS_455\project3\GL\GL\GL.vcxproj" (Build target(s)).

Build succeeded.

Time Elapsed 00:00:01.63
